
exec:     file format elf32-avr

Sections:
Idx Name          Size      VMA       LMA       File off  Algn
  0 .data         00000048  00800100  000006bc  00000750  2**0
                  CONTENTS, ALLOC, LOAD, DATA
  1 .text         000006bc  00000000  00000000  00000094  2**1
                  CONTENTS, ALLOC, LOAD, READONLY, CODE
  2 .bss          00000006  00800148  00800148  00000798  2**0
                  ALLOC
  3 .stab         000006cc  00000000  00000000  00000798  2**2
                  CONTENTS, READONLY, DEBUGGING
  4 .stabstr      00000dbd  00000000  00000000  00000e64  2**0
                  CONTENTS, READONLY, DEBUGGING
  5 .comment      00000011  00000000  00000000  00001c21  2**0
                  CONTENTS, READONLY
Contents of section .data:
 800100 00000002 00000000 5a000000 00005265  ........Z.....Re
 800110 73756c74 2028756e 7369676e 65642069  sult (unsigned i
 800120 6e746567 6572293a 2025640a 00546865  nteger): %d..The
 800130 20676976 656e2070 6172616d 65746572   given parameter
 800140 20697320 25640a00                     is %d..        
Contents of section .text:
 0000 0c943400 0c945100 0c945100 0c945100  ..4...Q...Q...Q.
 0010 0c945100 0c945100 0c945100 0c945100  ..Q...Q...Q...Q.
 0020 0c945100 0c945100 0c945100 0c945100  ..Q...Q...Q...Q.
 0030 0c945100 0c945100 0c945100 0c945100  ..Q...Q...Q...Q.
 0040 0c945100 0c945100 0c945100 0c945100  ..Q...Q...Q...Q.
 0050 0c945100 0c945100 0c945100 0c945100  ..Q...Q...Q...Q.
 0060 0c945100 0c945100 11241fbe cfefd8e0  ..Q...Q..$......
 0070 debfcdbf 11e0a0e0 b1e0eceb f6e002c0  ................
 0080 05900d92 a834b107 d9f721e0 a8e4b1e0  .....4....!.....
 0090 01c01d92 ae34b207 e1f70e94 79000c94  .....4......y...
 00a0 5c030c94 000087e3 17e1880f 1695810f  \...............
 00b0 99270895 8a3039f4 9091c000 95fffccf  .'...09.........
 00c0 9de09093 c6009091 c00095ff fccf8093  ................
 00d0 c60080e0 90e00895 9f938f93 8de291e0  ................
 00e0 9f938f93 0e949900 0f900f90 0f900f90  ................
 00f0 089580e0 91e09093 4b018093 4a011092  ........K...J...
 0100 c50087e6 8093c400 88e18093 c10086e0  ................
 0110 8093c200 0e945300 9f938f93 8ee091e0  ......S.........
 0120 9f938f93 0e949900 0f900f90 0f900f90  ................
 0130 ffcfa0e0 b0e0efe9 f0e00c94 3503fe01  ............5...
 0140 35966191 7191af01 80914a01 90914b01  5.a.q.....J...K.
 0150 0e94ad00 e2e00c94 5103ace0 b0e0e3eb  ........Q.......
 0160 f0e00c94 25037c01 6b018a01 fc011782  ....%.|.k.......
 0170 16828381 81ffbdc1 ce010196 4c01f701  ............L...
 0180 9381f601 93fd8591 93ff8191 6f018823  ............o..#
 0190 09f4abc1 853239f4 93fd8591 93ff8191  .....29.........
 01a0 6f018532 29f4b701 90e00e94 9502e7cf  o..2)...........
 01b0 512c312c 20e02032 a0f48b32 69f030f4  Q,1, . 2...2i.0.
 01c0 803259f0 833269f4 20612cc0 8d3239f0  .2Y..2i. a,..29.
 01d0 803339f4 216026c0 22602460 23c02860  .39.!`&."`$`#.(`
 01e0 21c027fd 27c030ed 380f3a30 78f426ff  !.'.'.0.8.:0x.&.
 01f0 06c0fae0 5f9e300d 1124532e 13c08ae0  ...._.0..$S.....
 0200 389e300d 1124332e 20620cc0 8e3221f4  8.0..$3. b...2!.
 0210 26fd6bc1 206406c0 8c3611f4 206802c0  &.k. d...6.. h..
 0220 883641f4 f60193fd 859193ff 81916f01  .6A...........o.
 0230 8111c1cf 982f9f7d 95549330 28f40c5f  ...../.}.T.0(.._
 0240 1f4fffe3 f9830dc0 833631f0 833771f0  .O.......61..7q.
 0250 833509f0 5bc022c0 f8018081 89830e5f  .5..[."........_
 0260 1f4f4424 4394512c 540115c0 3801f2e0  .OD$C.Q,T...8...
 0270 6f0e711c f801a080 b18026ff 03c0652d  o.q.......&...e-
 0280 70e002c0 6fef7fef c5012c87 0e948a02  p...o.....,.....
 0290 2c018301 2c852f77 222e17c0 3801f2e0  ,...,./w"...8...
 02a0 6f0e711c f801a080 b18026ff 03c0652d  o.q.......&...e-
 02b0 70e002c0 6fef7fef c5012c87 0e947f02  p...o.....,.....
 02c0 2c012c85 2068222e 830123fc 1bc0832d  ,.,. h"...#....-
 02d0 90e04816 5906b0f4 b70180e2 90e00e94  ..H.Y...........
 02e0 95023a94 f4cff501 27fc8591 27fe8191  ..:.....'...'...
 02f0 5f01b701 90e00e94 95023110 3a94f1e0  _.........1.:...
 0300 4f1a5108 41145104 71f7e5c0 843611f0  O.Q.A.Q.q....6..
 0310 893639f5 f80127ff 07c06081 71818281  .69...'...`.q...
 0320 93810c5f 1f4f08c0 60817181 882777fd  ..._.O..`.q..'w.
 0330 8095982f 0e5f1f4f 2f76b22e 97ff09c0  .../._.O/v......
 0340 90958095 70956195 7f4f8f4f 9f4f2068  ....p.a..O.O.O h
 0350 b22e2ae0 30e0a401 0e94c702 a82ea818  ..*.0...........
 0360 44c08537 29f42f7e b22e2ae0 30e025c0  D..7)./~..*.0.%.
 0370 f22ff97f bf2e8f36 c1f018f4 883579f0  ./.....6.....5y.
 0380 b4c08037 19f08837 21f0afc0 2f2f2061  ...7...7!...// a
 0390 b22eb4fe 0dc08b2d 8460b82e 09c024ff  .......-.`....$.
 03a0 0ac09f2f 9660b92e 06c028e0 30e005c0  .../.`....(.0...
 03b0 20e130e0 02c020e1 32e0f801 b7fe07c0   .0... .2.......
 03c0 60817181 82819381 0c5f1f4f 06c06081  `.q......_.O..`.
 03d0 718180e0 90e00e5f 1f4fa401 0e94c702  q......_.O......
 03e0 a82ea818 fb2dff77 bf2eb6fe 0bc02b2d  .....-.w......+-
 03f0 2e7fa514 50f4b4fe 0ac0b2fc 08c02b2d  ....P.........+-
 0400 2e7e05c0 7a2c2b2d 03c07a2c 01c0752c  .~..z,+-..z,..u,
 0410 24ff0dc0 fe01ea0d f11d8081 803311f4  $............3..
 0420 297e09c0 22ff06c0 73947394 04c0822f  )~.."...s.s..../
 0430 867809f0 739423fd 13c020ff 06c05a2c  .x..s.#... ...Z,
 0440 731418f4 530c5718 732c7314 68f4b701  s...S.W.s,s.h...
 0450 80e290e0 2c870e94 95027394 2c85f5cf  ....,.....s.,...
 0460 731410f4 371801c0 312c24ff 12c0b701  s...7...1,$.....
 0470 80e390e0 2c870e94 95022c85 22ff17c0  ....,.....,."...
 0480 21ff03c0 88e590e0 02c088e7 90e0b701  !...............
 0490 0cc0822f 867859f0 21fd02c0 80e201c0  .../.xY.!.......
 04a0 8be227fd 8de2b701 90e00e94 9502a514  ..'.............
 04b0 38f4b701 80e390e0 0e949502 5a94f7cf  8...........Z...
 04c0 aa94f401 ea0df11d 8081b701 90e00e94  ................
 04d0 9502a110 f5cf3320 09f451ce b70180e2  ......3 ..Q.....
 04e0 90e00e94 95023a94 f6cff701 86819781  ......:.........
 04f0 02c08fef 9fef2c96 e2e10c94 4103fc01  ......,.....A...
 0500 05906150 70400110 d8f78095 90958e0f  ..aPp@..........
 0510 9f1f0895 fc016150 70400190 0110d8f7  ......aPp@......
 0520 80959095 8e0f9f1f 08950f93 1f93cf93  ................
 0530 df93182f 092feb01 8b8181fd 03c08fef  ..././..........
 0540 9fef20c0 82ff10c0 4e815f81 2c813d81  .. .....N._.,.=.
 0550 42175307 7cf4e881 f9819f01 2f5f3f4f  B.S.|......./_?O
 0560 39832883 108306c0 e885f985 812f0995  9.(........../..
 0570 892b29f7 2e813f81 2f5f3f4f 3f832e83  .+)...?./_?O?...
 0580 812f902f df91cf91 1f910f91 0895fa01  ././............
 0590 aa272830 51f12031 81f1e894 6f936e7f  .'(0Q. 1....o.n.
 05a0 6e5f7f4f 8f4f9f4f af4fb1e0 3ed0b4e0  n_.O.O.O.O..>...
 05b0 3cd0670f 781f891f 9a1fa11d 680f791f  <.g.x.......h.y.
 05c0 8a1f911d a11d6a0f 711d811d 911da11d  ......j.q.......
 05d0 20d009f4 68943f91 2ae0269f 11243019   ...h.?.*.&..$0.
 05e0 305d3193 def6cf01 0895462f 4770405d  0]1.......F/Gp@]
 05f0 4193b3e0 0fd0c9f7 f6cf462f 4f70405d  A.........F/Op@]
 0600 4a3318f0 495d31fd 40524193 02d0a9f7  J3..I]1.@RA.....
 0610 eacfb4e0 a6959795 87957795 6795ba95  ..........w.g...
 0620 c9f70097 61057105 08959b01 ac010a2e  ....a.q.........
 0630 06945795 47953795 2795ba95 c9f7620f  ..W.G.7.'.....b.
 0640 731f841f 951fa01d 08952f92 3f924f92  s........./.?.O.
 0650 5f926f92 7f928f92 9f92af92 bf92cf92  _.o.............
 0660 df92ef92 ff920f93 1f93cf93 df93cdb7  ................
 0670 deb7ca1b db0b0fb6 f894debf 0fbecdbf  ................
 0680 09942a88 39884888 5f846e84 7d848c84  ..*.9.H._.n.}...
 0690 9b84aa84 b984c884 df80ee80 fd800c81  ................
 06a0 1b81aa81 b981ce0f d11d0fb6 f894debf  ................
 06b0 0fbecdbf ed010895 f894ffcf           ............    
Contents of section .stab:
 0000 01000000 00009000 bd0d0000 01000000  ................
 0010 64000000 a6000000 00000000 44000900  d...........D...
 0020 a6000000 00000000 44000a00 a8000000  ........D.......
 0030 00000000 44000c00 aa000000 00000000  ....D...........
 0040 44000d00 ac000000 00000000 44000f00  D...........D...
 0050 ae000000 00000000 44001000 b0000000  ........D.......
 0060 00000000 44001100 b2000000 17000000  ....D...........
 0070 64000200 b4000000 3f000000 64000200  d.......?...d...
 0080 b4000000 5a000000 3c000000 00000000  ....Z...<.......
 0090 69000000 80000000 00000000 89000000  i...............
 00a0 80000000 00000000 a3000000 80000000  ................
 00b0 00000000 da000000 80000000 00000000  ................
 00c0 00010000 80000000 00000000 35010000  ............5...
 00d0 80000000 00000000 86010000 80000000  ................
 00e0 00000000 cb010000 80000000 00000000  ................
 00f0 f1010000 80000000 00000000 1d020000  ................
 0100 80000000 00000000 47020000 80000000  ........G.......
 0110 00000000 70020000 80000000 00000000  ....p...........
 0120 8a020000 80000000 00000000 a5020000  ................
 0130 80000000 00000000 c5020000 80000000  ................
 0140 00000000 e6020000 80000000 00000000  ................
 0150 01030000 80000000 00000000 21030000  ............!...
 0160 80000000 00000000 46030000 80000000  ........F.......
 0170 00000000 70030000 80000000 00000000  ....p...........
 0180 94030000 80000000 00000000 bd030000  ................
 0190 80000000 00000000 eb030000 80000000  ................
 01a0 00000000 11040000 80000000 00000000  ................
 01b0 31040000 80000000 00000000 56040000  1...........V...
 01c0 80000000 00000000 80040000 80000000  ................
 01d0 00000000 af040000 80000000 00000000  ................
 01e0 d8040000 80000000 00000000 06050000  ................
 01f0 80000000 00000000 39050000 80000000  ........9.......
 0200 00000000 5a050000 80000000 00000000  ....Z...........
 0210 75050000 80000000 00000000 95050000  u...............
 0220 80000000 00000000 ba050000 80000000  ................
 0230 00000000 e4050000 80000000 00000000  ................
 0240 08060000 80000000 00000000 31060000  ............1...
 0250 80000000 00000000 5f060000 80000000  ........_.......
 0260 00000000 85060000 80000000 00000000  ................
 0270 a5060000 80000000 00000000 ca060000  ................
 0280 80000000 00000000 f4060000 80000000  ................
 0290 00000000 23070000 80000000 00000000  ....#...........
 02a0 4c070000 80000000 00000000 7a070000  L...........z...
 02b0 80000000 00000000 ad070000 80000000  ................
 02c0 00000000 c1070000 82000000 00000000  ................
 02d0 df070000 82000000 00000000 03080000  ................
 02e0 82000000 250f0000 23080000 82000000  ....%...#.......
 02f0 00000000 4b080000 82000000 33b80000  ....K.......3...
 0300 69080000 80007900 00000000 7e080000  i.....y.....~...
 0310 80007a00 00000000 94080000 80007b00  ..z...........{.
 0320 00000000 a9080000 80007c00 00000000  ..........|.....
 0330 bf080000 80007d00 00000000 d4080000  ......}.........
 0340 80007e00 00000000 ea080000 80008000  ..~.............
 0350 00000000 ff080000 80008100 00000000  ................
 0360 15090000 80008e00 00000000 2b090000  ............+...
 0370 80009300 00000000 43090000 80009f00  ........C.......
 0380 00000000 5e090000 8000a400 00000000  ....^...........
 0390 7a090000 8000a900 00000000 96090000  z...............
 03a0 8000ae00 00000000 b3090000 8000b300  ................
 03b0 00000000 cf090000 8000b800 00000000  ................
 03c0 ec090000 8000c000 00000000 080a0000  ................
 03d0 8000c700 00000000 250a0000 8000d500  ........%.......
 03e0 00000000 3f0a0000 8000da00 00000000  ....?...........
 03f0 5a0a0000 8000df00 00000000 750a0000  Z...........u...
 0400 8000e400 00000000 910a0000 8000e900  ................
 0410 00000000 ac0a0000 8000ee00 00000000  ................
 0420 c80a0000 8000f600 00000000 e30a0000  ................
 0430 8000fd00 00000000 ff0a0000 80001101  ................
 0440 00000000 160b0000 80001601 00000000  ................
 0450 00000000 a2000000 00000000 00000000  ................
 0460 a2000000 00000000 2e0b0000 80004d00  ..............M.
 0470 00000000 480b0000 80005100 00000000  ....H.....Q.....
 0480 00000000 a2000000 00000000 00000000  ................
 0490 a2000000 00000000 630b0000 82000000  ........c.......
 04a0 68130000 830b0000 8000f400 00000000  h...............
 04b0 00000000 a2000000 00000000 00000000  ................
 04c0 a2000000 00000000 d10b0000 82000000  ................
 04d0 322b0000 ee0b0000 82000000 8e0e0000  2+..............
 04e0 160c0000 80002800 00000000 3a0c0000  ......(.....:...
 04f0 80006200 00000000 00000000 a2000000  ..b.............
 0500 00000000 4f0c0000 82000000 d8040000  ....O...........
 0510 770c0000 8000d400 00000000 00000000  w...............
 0520 a2000000 00000000 8b0c0000 80000000  ................
 0530 00000000 00000000 a2000000 00000000  ................
 0540 4e0d0000 2400eb00 b4000000 6a0d0000  N...$.......j...
 0550 4000eb00 18000000 750d0000 4000eb00  @.......u...@...
 0560 16000000 00000000 2e000000 b4000000  ................
 0570 00000000 4400eb00 00000000 00000000  ....D...........
 0580 4400ee00 00000000 00000000 4400a000  D...........D...
 0590 04000000 00000000 4400a300 0c000000  ........D.......
 05a0 00000000 4400a000 12000000 00000000  ....D...........
 05b0 4400a300 1a000000 00000000 4400f300  D...........D...
 05c0 1e000000 00000000 24000000 24000000  ........$...$...
 05d0 00000000 4e000000 d8000000 8b0d0000  ....N...........
 05e0 24005400 f2000000 00000000 2e000000  $.T.............
 05f0 f2000000 00000000 44005400 00000000  ........D.T.....
 0600 00000000 44005900 00000000 00000000  ....D.Y.........
 0610 44008a00 0c000000 00000000 44008b00  D...........D...
 0620 10000000 00000000 44008e00 16000000  ........D.......
 0630 00000000 44009100 1c000000 00000000  ....D...........
 0640 44005f00 22000000 00000000 44006200  D._.".......D.b.
 0650 26000000 00000000 24000000 40000000  &.......$...@...
 0660 00000000 4e000000 32010000 970d0000  ....N...2.......
 0670 24007400 d8000000 00000000 2e000000  $.t.............
 0680 d8000000 00000000 44007500 00000000  ........D.u.....
 0690 00000000 44007600 00000000 00000000  ....D.v.........
 06a0 24000000 1a000000 00000000 4e000000  $...........N...
 06b0 f2000000 ad0d0000 26004400 00018000  ........&.D.....
 06c0 00000000 64000000 f2000000           ....d.......    
Contents of section .stabstr:
 0000 00617672 636f6d70 696c6572 2f70726f  .avrcompiler/pro
 0010 6772616d 2e73002f 686f6d65 2f70692f  gram.s./home/pi/
 0020 7265706f 732f6176 722d7765 622d636f  repos/avr-web-co
 0030 6d70696c 65722f77 65626176 722f0061  mpiler/webavr/.a
 0040 7672636f 6d70696c 65722f77 72617070  vrcompiler/wrapp
 0050 65725f75 6172742e 63006763 63325f63  er_uart.c.gcc2_c
 0060 6f6d7069 6c65642e 00696e74 3a742830  ompiled..int:t(0
 0070 2c31293d 7228302c 31293b2d 33323736  ,1)=r(0,1);-3276
 0080 383b3332 3736373b 00636861 723a7428  8;32767;.char:t(
 0090 302c3229 3d722830 2c32293b 303b3132  0,2)=r(0,2);0;12
 00a0 373b006c 6f6e6720 696e743a 7428302c  7;.long int:t(0,
 00b0 33293d40 7333323b 7228302c 33293b30  3)=@s32;r(0,3);0
 00c0 32303030 30303030 3030303b 30313737  20000000000;0177
 00d0 37373737 37373737 3b00756e 7369676e  77777777;.unsign
 00e0 65642069 6e743a74 28302c34 293d7228  ed int:t(0,4)=r(
 00f0 302c3429 3b303b30 31373737 37373b00  0,4);0;0177777;.
 0100 6c6f6e67 20756e73 69676e65 6420696e  long unsigned in
 0110 743a7428 302c3529 3d407333 323b7228  t:t(0,5)=@s32;r(
 0120 302c3529 3b303b30 33373737 37373737  0,5);0;037777777
 0130 3737373b 006c6f6e 67206c6f 6e672069  777;.long long i
 0140 6e743a74 28302c36 293d4073 36343b72  nt:t(0,6)=@s64;r
 0150 28302c36 293b3031 30303030 30303030  (0,6);0100000000
 0160 30303030 30303030 30303030 303b3037  0000000000000;07
 0170 37373737 37373737 37373737 37373737  7777777777777777
 0180 37373737 3b006c6f 6e67206c 6f6e6720  7777;.long long 
 0190 756e7369 676e6564 20696e74 3a742830  unsigned int:t(0
 01a0 2c37293d 40733634 3b722830 2c37293b  ,7)=@s64;r(0,7);
 01b0 303b3031 37373737 37373737 37373737  0;01777777777777
 01c0 37373737 37373737 373b0073 686f7274  777777777;.short
 01d0 20696e74 3a742830 2c38293d 7228302c   int:t(0,8)=r(0,
 01e0 38293b2d 33323736 383b3332 3736373b  8);-32768;32767;
 01f0 0073686f 72742075 6e736967 6e656420  .short unsigned 
 0200 696e743a 7428302c 39293d72 28302c39  int:t(0,9)=r(0,9
 0210 293b303b 30313737 3737373b 00736967  );0;0177777;.sig
 0220 6e656420 63686172 3a742830 2c313029  ned char:t(0,10)
 0230 3d407338 3b722830 2c313029 3b2d3132  =@s8;r(0,10);-12
 0240 383b3132 373b0075 6e736967 6e656420  8;127;.unsigned 
 0250 63686172 3a742830 2c313129 3d407338  char:t(0,11)=@s8
 0260 3b722830 2c313129 3b303b32 35353b00  ;r(0,11);0;255;.
 0270 666c6f61 743a7428 302c3132 293d7228  float:t(0,12)=r(
 0280 302c3129 3b343b30 3b00646f 75626c65  0,1);4;0;.double
 0290 3a742830 2c313329 3d722830 2c31293b  :t(0,13)=r(0,1);
 02a0 343b303b 006c6f6e 6720646f 75626c65  4;0;.long double
 02b0 3a742830 2c313429 3d722830 2c31293b  :t(0,14)=r(0,1);
 02c0 343b303b 0073686f 7274205f 46726163  4;0;.short _Frac
 02d0 743a7428 302c3135 293d7228 302c3129  t:t(0,15)=r(0,1)
 02e0 3b313b30 3b005f46 72616374 3a742830  ;1;0;._Fract:t(0
 02f0 2c313629 3d722830 2c31293b 323b303b  ,16)=r(0,1);2;0;
 0300 006c6f6e 67205f46 72616374 3a742830  .long _Fract:t(0
 0310 2c313729 3d722830 2c31293b 343b303b  ,17)=r(0,1);4;0;
 0320 006c6f6e 67206c6f 6e67205f 46726163  .long long _Frac
 0330 743a7428 302c3138 293d7228 302c3129  t:t(0,18)=r(0,1)
 0340 3b383b30 3b00756e 7369676e 65642073  ;8;0;.unsigned s
 0350 686f7274 205f4672 6163743a 7428302c  hort _Fract:t(0,
 0360 3139293d 7228302c 31293b31 3b303b00  19)=r(0,1);1;0;.
 0370 756e7369 676e6564 205f4672 6163743a  unsigned _Fract:
 0380 7428302c 3230293d 7228302c 31293b32  t(0,20)=r(0,1);2
 0390 3b303b00 756e7369 676e6564 206c6f6e  ;0;.unsigned lon
 03a0 67205f46 72616374 3a742830 2c323129  g _Fract:t(0,21)
 03b0 3d722830 2c31293b 343b303b 00756e73  =r(0,1);4;0;.uns
 03c0 69676e65 64206c6f 6e67206c 6f6e6720  igned long long 
 03d0 5f467261 63743a74 28302c32 32293d72  _Fract:t(0,22)=r
 03e0 28302c31 293b383b 303b005f 53617420  (0,1);8;0;._Sat 
 03f0 73686f72 74205f46 72616374 3a742830  short _Fract:t(0
 0400 2c323329 3d722830 2c31293b 313b303b  ,23)=r(0,1);1;0;
 0410 005f5361 74205f46 72616374 3a742830  ._Sat _Fract:t(0
 0420 2c323429 3d722830 2c31293b 323b303b  ,24)=r(0,1);2;0;
 0430 005f5361 74206c6f 6e67205f 46726163  ._Sat long _Frac
 0440 743a7428 302c3235 293d7228 302c3129  t:t(0,25)=r(0,1)
 0450 3b343b30 3b005f53 6174206c 6f6e6720  ;4;0;._Sat long 
 0460 6c6f6e67 205f4672 6163743a 7428302c  long _Fract:t(0,
 0470 3236293d 7228302c 31293b38 3b303b00  26)=r(0,1);8;0;.
 0480 5f536174 20756e73 69676e65 64207368  _Sat unsigned sh
 0490 6f727420 5f467261 63743a74 28302c32  ort _Fract:t(0,2
 04a0 37293d72 28302c31 293b313b 303b005f  7)=r(0,1);1;0;._
 04b0 53617420 756e7369 676e6564 205f4672  Sat unsigned _Fr
 04c0 6163743a 7428302c 3238293d 7228302c  act:t(0,28)=r(0,
 04d0 31293b32 3b303b00 5f536174 20756e73  1);2;0;._Sat uns
 04e0 69676e65 64206c6f 6e67205f 46726163  igned long _Frac
 04f0 743a7428 302c3239 293d7228 302c3129  t:t(0,29)=r(0,1)
 0500 3b343b30 3b005f53 61742075 6e736967  ;4;0;._Sat unsig
 0510 6e656420 6c6f6e67 206c6f6e 67205f46  ned long long _F
 0520 72616374 3a742830 2c333029 3d722830  ract:t(0,30)=r(0
 0530 2c31293b 383b303b 0073686f 7274205f  ,1);8;0;.short _
 0540 41636375 6d3a7428 302c3331 293d7228  Accum:t(0,31)=r(
 0550 302c3129 3b323b30 3b005f41 6363756d  0,1);2;0;._Accum
 0560 3a742830 2c333229 3d722830 2c31293b  :t(0,32)=r(0,1);
 0570 343b303b 006c6f6e 67205f41 6363756d  4;0;.long _Accum
 0580 3a742830 2c333329 3d722830 2c31293b  :t(0,33)=r(0,1);
 0590 383b303b 006c6f6e 67206c6f 6e67205f  8;0;.long long _
 05a0 41636375 6d3a7428 302c3334 293d7228  Accum:t(0,34)=r(
 05b0 302c3129 3b383b30 3b00756e 7369676e  0,1);8;0;.unsign
 05c0 65642073 686f7274 205f4163 63756d3a  ed short _Accum:
 05d0 7428302c 3335293d 7228302c 31293b32  t(0,35)=r(0,1);2
 05e0 3b303b00 756e7369 676e6564 205f4163  ;0;.unsigned _Ac
 05f0 63756d3a 7428302c 3336293d 7228302c  cum:t(0,36)=r(0,
 0600 31293b34 3b303b00 756e7369 676e6564  1);4;0;.unsigned
 0610 206c6f6e 67205f41 6363756d 3a742830   long _Accum:t(0
 0620 2c333729 3d722830 2c31293b 383b303b  ,37)=r(0,1);8;0;
 0630 00756e73 69676e65 64206c6f 6e67206c  .unsigned long l
 0640 6f6e6720 5f416363 756d3a74 28302c33  ong _Accum:t(0,3
 0650 38293d72 28302c31 293b383b 303b005f  8)=r(0,1);8;0;._
 0660 53617420 73686f72 74205f41 6363756d  Sat short _Accum
 0670 3a742830 2c333929 3d722830 2c31293b  :t(0,39)=r(0,1);
 0680 323b303b 005f5361 74205f41 6363756d  2;0;._Sat _Accum
 0690 3a742830 2c343029 3d722830 2c31293b  :t(0,40)=r(0,1);
 06a0 343b303b 005f5361 74206c6f 6e67205f  4;0;._Sat long _
 06b0 41636375 6d3a7428 302c3431 293d7228  Accum:t(0,41)=r(
 06c0 302c3129 3b383b30 3b005f53 6174206c  0,1);8;0;._Sat l
 06d0 6f6e6720 6c6f6e67 205f4163 63756d3a  ong long _Accum:
 06e0 7428302c 3432293d 7228302c 31293b38  t(0,42)=r(0,1);8
 06f0 3b303b00 5f536174 20756e73 69676e65  ;0;._Sat unsigne
 0700 64207368 6f727420 5f416363 756d3a74  d short _Accum:t
 0710 28302c34 33293d72 28302c31 293b323b  (0,43)=r(0,1);2;
 0720 303b005f 53617420 756e7369 676e6564  0;._Sat unsigned
 0730 205f4163 63756d3a 7428302c 3434293d   _Accum:t(0,44)=
 0740 7228302c 31293b34 3b303b00 5f536174  r(0,1);4;0;._Sat
 0750 20756e73 69676e65 64206c6f 6e67205f   unsigned long _
 0760 41636375 6d3a7428 302c3435 293d7228  Accum:t(0,45)=r(
 0770 302c3129 3b383b30 3b005f53 61742075  0,1);8;0;._Sat u
 0780 6e736967 6e656420 6c6f6e67 206c6f6e  nsigned long lon
 0790 67205f41 6363756d 3a742830 2c343629  g _Accum:t(0,46)
 07a0 3d722830 2c31293b 383b303b 00766f69  =r(0,1);8;0;.voi
 07b0 643a7428 302c3437 293d2830 2c343729  d:t(0,47)=(0,47)
 07c0 002f7573 722f6c69 622f6176 722f696e  ./usr/lib/avr/in
 07d0 636c7564 652f6176 722f696f 2e68002f  clude/avr/io.h./
 07e0 7573722f 6c69622f 6176722f 696e636c  usr/lib/avr/incl
 07f0 7564652f 6176722f 7366725f 64656673  ude/avr/sfr_defs
 0800 2e68002f 7573722f 6c69622f 6176722f  .h./usr/lib/avr/
 0810 696e636c 7564652f 696e7474 79706573  include/inttypes
 0820 2e68002f 7573722f 6c69622f 6763632f  .h./usr/lib/gcc/
 0830 6176722f 342e382e 312f696e 636c7564  avr/4.8.1/includ
 0840 652f7374 64696e74 2e68002f 7573722f  e/stdint.h./usr/
 0850 6c69622f 6176722f 696e636c 7564652f  lib/avr/include/
 0860 73746469 6e742e68 00696e74 385f743a  stdint.h.int8_t:
 0870 7428352c 31293d28 302c3130 29007569  t(5,1)=(0,10).ui
 0880 6e74385f 743a7428 352c3229 3d28302c  nt8_t:t(5,2)=(0,
 0890 31312900 696e7431 365f743a 7428352c  11).int16_t:t(5,
 08a0 33293d28 302c3129 0075696e 7431365f  3)=(0,1).uint16_
 08b0 743a7428 352c3429 3d28302c 34290069  t:t(5,4)=(0,4).i
 08c0 6e743332 5f743a74 28352c35 293d2830  nt32_t:t(5,5)=(0
 08d0 2c332900 75696e74 33325f74 3a742835  ,3).uint32_t:t(5
 08e0 2c36293d 28302c35 2900696e 7436345f  ,6)=(0,5).int64_
 08f0 743a7428 352c3729 3d28302c 36290075  t:t(5,7)=(0,6).u
 0900 696e7436 345f743a 7428352c 38293d28  int64_t:t(5,8)=(
 0910 302c3729 00696e74 7074725f 743a7428  0,7).intptr_t:t(
 0920 352c3929 3d28352c 33290075 696e7470  5,9)=(5,3).uintp
 0930 74725f74 3a742835 2c313029 3d28352c  tr_t:t(5,10)=(5,
 0940 34290069 6e745f6c 65617374 385f743a  4).int_least8_t:
 0950 7428352c 3131293d 28352c31 29007569  t(5,11)=(5,1).ui
 0960 6e745f6c 65617374 385f743a 7428352c  nt_least8_t:t(5,
 0970 3132293d 28352c32 2900696e 745f6c65  12)=(5,2).int_le
 0980 61737431 365f743a 7428352c 3133293d  ast16_t:t(5,13)=
 0990 28352c33 29007569 6e745f6c 65617374  (5,3).uint_least
 09a0 31365f74 3a742835 2c313429 3d28352c  16_t:t(5,14)=(5,
 09b0 34290069 6e745f6c 65617374 33325f74  4).int_least32_t
 09c0 3a742835 2c313529 3d28352c 35290075  :t(5,15)=(5,5).u
 09d0 696e745f 6c656173 7433325f 743a7428  int_least32_t:t(
 09e0 352c3136 293d2835 2c362900 696e745f  5,16)=(5,6).int_
 09f0 6c656173 7436345f 743a7428 352c3137  least64_t:t(5,17
 0a00 293d2835 2c372900 75696e74 5f6c6561  )=(5,7).uint_lea
 0a10 73743634 5f743a74 28352c31 38293d28  st64_t:t(5,18)=(
 0a20 352c3829 00696e74 5f666173 74385f74  5,8).int_fast8_t
 0a30 3a742835 2c313929 3d28352c 31290075  :t(5,19)=(5,1).u
 0a40 696e745f 66617374 385f743a 7428352c  int_fast8_t:t(5,
 0a50 3230293d 28352c32 2900696e 745f6661  20)=(5,2).int_fa
 0a60 73743136 5f743a74 28352c32 31293d28  st16_t:t(5,21)=(
 0a70 352c3329 0075696e 745f6661 73743136  5,3).uint_fast16
 0a80 5f743a74 28352c32 32293d28 352c3429  _t:t(5,22)=(5,4)
 0a90 00696e74 5f666173 7433325f 743a7428  .int_fast32_t:t(
 0aa0 352c3233 293d2835 2c352900 75696e74  5,23)=(5,5).uint
 0ab0 5f666173 7433325f 743a7428 352c3234  _fast32_t:t(5,24
 0ac0 293d2835 2c362900 696e745f 66617374  )=(5,6).int_fast
 0ad0 36345f74 3a742835 2c323529 3d28352c  64_t:t(5,25)=(5,
 0ae0 37290075 696e745f 66617374 36345f74  7).uint_fast64_t
 0af0 3a742835 2c323629 3d28352c 38290069  :t(5,26)=(5,8).i
 0b00 6e746d61 785f743a 7428352c 3237293d  ntmax_t:t(5,27)=
 0b10 28352c37 29007569 6e746d61 785f743a  (5,7).uintmax_t:
 0b20 7428352c 3238293d 28352c38 2900696e  t(5,28)=(5,8).in
 0b30 745f6661 72707472 5f743a74 28332c31  t_farptr_t:t(3,1
 0b40 293d2835 2c352900 75696e74 5f666172  )=(5,5).uint_far
 0b50 7074725f 743a7428 332c3229 3d28352c  ptr_t:t(3,2)=(5,
 0b60 3629002f 7573722f 6c69622f 6176722f  6)./usr/lib/avr/
 0b70 696e636c 7564652f 6176722f 66757365  include/avr/fuse
 0b80 2e68005f 5f667573 655f743a 7428362c  .h.__fuse_t:t(6,
 0b90 31293d28 362c3229 3d73336c 6f773a28  1)=(6,2)=s3low:(
 0ba0 302c3131 292c302c 383b6869 67683a28  0,11),0,8;high:(
 0bb0 302c3131 292c382c 383b6578 74656e64  0,11),8,8;extend
 0bc0 65643a28 302c3131 292c3136 2c383b3b  ed:(0,11),16,8;;
 0bd0 002f7573 722f6c69 622f6176 722f696e  ./usr/lib/avr/in
 0be0 636c7564 652f7374 64696f2e 68002f75  clude/stdio.h./u
 0bf0 73722f6c 69622f67 63632f61 76722f34  sr/lib/gcc/avr/4
 0c00 2e382e31 2f696e63 6c756465 2f737464  .8.1/include/std
 0c10 6172672e 68005f5f 676e7563 5f76615f  arg.h.__gnuc_va_
 0c20 6c697374 3a742838 2c31293d 28382c32  list:t(8,1)=(8,2
 0c30 293d2a28 302c3437 29007661 5f6c6973  )=*(0,47).va_lis
 0c40 743a7428 382c3329 3d28382c 3129002f  t:t(8,3)=(8,1)./
 0c50 7573722f 6c69622f 6763632f 6176722f  usr/lib/gcc/avr/
 0c60 342e382e 312f696e 636c7564 652f7374  4.8.1/include/st
 0c70 64646566 2e680073 697a655f 743a7428  ddef.h.size_t:t(
 0c80 392c3129 3d28302c 3429005f 5f66696c  9,1)=(0,4).__fil
 0c90 653a5428 372c3129 3d733134 6275663a  e:T(7,1)=s14buf:
 0ca0 28372c32 293d2a28 302c3229 2c302c31  (7,2)=*(0,2),0,1
 0cb0 363b756e 6765743a 28302c31 31292c31  6;unget:(0,11),1
 0cc0 362c383b 666c6167 733a2835 2c32292c  6,8;flags:(5,2),
 0cd0 32342c38 3b73697a 653a2830 2c31292c  24,8;size:(0,1),
 0ce0 33322c31 363b6c65 6e3a2830 2c31292c  32,16;len:(0,1),
 0cf0 34382c31 363b7075 743a2837 2c33293d  48,16;put:(7,3)=
 0d00 2a28372c 34293d66 28302c31 292c3634  *(7,4)=f(0,1),64
 0d10 2c31363b 6765743a 28372c35 293d2a28  ,16;get:(7,5)=*(
 0d20 372c3629 3d662830 2c31292c 38302c31  7,6)=f(0,1),80,1
 0d30 363b7564 6174613a 28372c37 293d2a28  6;udata:(7,7)=*(
 0d40 302c3437 292c3936 2c31363b 3b007573  0,47),96,16;;.us
 0d50 6172745f 70757463 6861725f 7072696e  art_putchar_prin
 0d60 74663a66 28302c31 29007661 723a5028  tf:f(0,1).var:P(
 0d70 302c3229 00737472 65616d3a 5028302c  0,2).stream:P(0,
 0d80 3438293d 2a28372c 3129006d 61696e3a  48)=*(7,1).main:
 0d90 4628302c 31290070 72696e74 5f696e74  F(0,1).print_int
 0da0 65676572 3a462830 2c343729 006d7973  eger:F(0,47).mys
 0db0 74646f75 743a5328 372c3129 00        tdout:S(7,1).   
Contents of section .comment:
 0000 4743433a 2028474e 55292034 2e382e31  GCC: (GNU) 4.8.1
 0010 00                                   .               

Disassembly of section .text:

00000000 <__vectors>:
   0:	0c 94 34 00 	jmp	0x68	; 0x68 <__ctors_end>
   4:	0c 94 51 00 	jmp	0xa2	; 0xa2 <__bad_interrupt>
   8:	0c 94 51 00 	jmp	0xa2	; 0xa2 <__bad_interrupt>
   c:	0c 94 51 00 	jmp	0xa2	; 0xa2 <__bad_interrupt>
  10:	0c 94 51 00 	jmp	0xa2	; 0xa2 <__bad_interrupt>
  14:	0c 94 51 00 	jmp	0xa2	; 0xa2 <__bad_interrupt>
  18:	0c 94 51 00 	jmp	0xa2	; 0xa2 <__bad_interrupt>
  1c:	0c 94 51 00 	jmp	0xa2	; 0xa2 <__bad_interrupt>
  20:	0c 94 51 00 	jmp	0xa2	; 0xa2 <__bad_interrupt>
  24:	0c 94 51 00 	jmp	0xa2	; 0xa2 <__bad_interrupt>
  28:	0c 94 51 00 	jmp	0xa2	; 0xa2 <__bad_interrupt>
  2c:	0c 94 51 00 	jmp	0xa2	; 0xa2 <__bad_interrupt>
  30:	0c 94 51 00 	jmp	0xa2	; 0xa2 <__bad_interrupt>
  34:	0c 94 51 00 	jmp	0xa2	; 0xa2 <__bad_interrupt>
  38:	0c 94 51 00 	jmp	0xa2	; 0xa2 <__bad_interrupt>
  3c:	0c 94 51 00 	jmp	0xa2	; 0xa2 <__bad_interrupt>
  40:	0c 94 51 00 	jmp	0xa2	; 0xa2 <__bad_interrupt>
  44:	0c 94 51 00 	jmp	0xa2	; 0xa2 <__bad_interrupt>
  48:	0c 94 51 00 	jmp	0xa2	; 0xa2 <__bad_interrupt>
  4c:	0c 94 51 00 	jmp	0xa2	; 0xa2 <__bad_interrupt>
  50:	0c 94 51 00 	jmp	0xa2	; 0xa2 <__bad_interrupt>
  54:	0c 94 51 00 	jmp	0xa2	; 0xa2 <__bad_interrupt>
  58:	0c 94 51 00 	jmp	0xa2	; 0xa2 <__bad_interrupt>
  5c:	0c 94 51 00 	jmp	0xa2	; 0xa2 <__bad_interrupt>
  60:	0c 94 51 00 	jmp	0xa2	; 0xa2 <__bad_interrupt>
  64:	0c 94 51 00 	jmp	0xa2	; 0xa2 <__bad_interrupt>

00000068 <__ctors_end>:
  68:	11 24       	eor	r1, r1
  6a:	1f be       	out	0x3f, r1	; 63
  6c:	cf ef       	ldi	r28, 0xFF	; 255
  6e:	d8 e0       	ldi	r29, 0x08	; 8
  70:	de bf       	out	0x3e, r29	; 62
  72:	cd bf       	out	0x3d, r28	; 61

00000074 <__do_copy_data>:
  74:	11 e0       	ldi	r17, 0x01	; 1
  76:	a0 e0       	ldi	r26, 0x00	; 0
  78:	b1 e0       	ldi	r27, 0x01	; 1
  7a:	ec eb       	ldi	r30, 0xBC	; 188
  7c:	f6 e0       	ldi	r31, 0x06	; 6
  7e:	02 c0       	rjmp	.+4      	; 0x84 <__do_copy_data+0x10>
  80:	05 90       	lpm	r0, Z+
  82:	0d 92       	st	X+, r0
  84:	a8 34       	cpi	r26, 0x48	; 72
  86:	b1 07       	cpc	r27, r17
  88:	d9 f7       	brne	.-10     	; 0x80 <__do_copy_data+0xc>

0000008a <__do_clear_bss>:
  8a:	21 e0       	ldi	r18, 0x01	; 1
  8c:	a8 e4       	ldi	r26, 0x48	; 72
  8e:	b1 e0       	ldi	r27, 0x01	; 1
  90:	01 c0       	rjmp	.+2      	; 0x94 <.do_clear_bss_start>

00000092 <.do_clear_bss_loop>:
  92:	1d 92       	st	X+, r1

00000094 <.do_clear_bss_start>:
  94:	ae 34       	cpi	r26, 0x4E	; 78
  96:	b2 07       	cpc	r27, r18
  98:	e1 f7       	brne	.-8      	; 0x92 <.do_clear_bss_loop>
  9a:	0e 94 79 00 	call	0xf2	; 0xf2 <main>
  9e:	0c 94 5c 03 	jmp	0x6b8	; 0x6b8 <_exit>

000000a2 <__bad_interrupt>:
  a2:	0c 94 00 00 	jmp	0	; 0x0 <__vectors>

000000a6 <asm_function>:
;;; Code definition goes here
.section .text
	.global asm_function

asm_function:
	LDI R24,55
  a6:	87 e3       	ldi	r24, 0x37	; 55
	LDI R17,23
  a8:	17 e1       	ldi	r17, 0x17	; 23
	
	LSL R24
  aa:	88 0f       	add	r24, r24
	LSR R17
  ac:	16 95       	lsr	r17
	
	ADD R24,R17
  ae:	81 0f       	add	r24, r17
	CLR R25
  b0:	99 27       	eor	r25, r25
	ret
  b2:	08 95       	ret

000000b4 <usart_putchar_printf>:
******************************************************************************/
// this function is called by printf as a stream handler
static int usart_putchar_printf(char var, FILE *stream) {

    // translate \n to \r for br@y++ terminal
    if (var == '\n') {
  b4:	8a 30       	cpi	r24, 0x0A	; 10
  b6:	39 f4       	brne	.+14     	; 0xc6 <usart_putchar_printf+0x12>
  registers accordingly.]

******************************************************************************/
static void usart_putchar(char data) {
    // Wait for empty transmit buffer
    while (!(UCSR0A & (_BV(UDRE0))));
  b8:	90 91 c0 00 	lds	r25, 0x00C0
  bc:	95 ff       	sbrs	r25, 5
  be:	fc cf       	rjmp	.-8      	; 0xb8 <usart_putchar_printf+0x4>

    // Start transmission
    UDR0 = data;
  c0:	9d e0       	ldi	r25, 0x0D	; 13
  c2:	90 93 c6 00 	sts	0x00C6, r25
  registers accordingly.]

******************************************************************************/
static void usart_putchar(char data) {
    // Wait for empty transmit buffer
    while (!(UCSR0A & (_BV(UDRE0))));
  c6:	90 91 c0 00 	lds	r25, 0x00C0
  ca:	95 ff       	sbrs	r25, 5
  cc:	fc cf       	rjmp	.-8      	; 0xc6 <usart_putchar_printf+0x12>

    // Start transmission
    UDR0 = data;
  ce:	80 93 c6 00 	sts	0x00C6, r24
    if (var == '\n') {
        usart_putchar('\r');
    }
    usart_putchar(var);
    return 0;
}
  d2:	80 e0       	ldi	r24, 0x00	; 0
  d4:	90 e0       	ldi	r25, 0x00	; 0
  d6:	08 95       	ret

000000d8 <print_integer>:
  d8:	9f 93       	push	r25
  da:	8f 93       	push	r24
  dc:	8d e2       	ldi	r24, 0x2D	; 45
  de:	91 e0       	ldi	r25, 0x01	; 1
  e0:	9f 93       	push	r25
  e2:	8f 93       	push	r24
  e4:	0e 94 99 00 	call	0x132	; 0x132 <printf>
  e8:	0f 90       	pop	r0
  ea:	0f 90       	pop	r0
  ec:	0f 90       	pop	r0
  ee:	0f 90       	pop	r0
  f0:	08 95       	ret

000000f2 <main>:
int main() {
    // To catch the result
    unsigned int myvalue = -1;

    // set up stdio stream
    stdout = &mystdout;
  f2:	80 e0       	ldi	r24, 0x00	; 0
  f4:	91 e0       	ldi	r25, 0x01	; 1
  f6:	90 93 4b 01 	sts	0x014B, r25
  fa:	80 93 4a 01 	sts	0x014A, r24
  data through the UART in the board.]

******************************************************************************/
static void usart_init(uint16_t ubrr) {
    // Set baud rate
    UBRR0H = (uint8_t)(ubrr >> 8);
  fe:	10 92 c5 00 	sts	0x00C5, r1
    UBRR0L = (uint8_t)(ubrr);
 102:	87 e6       	ldi	r24, 0x67	; 103
 104:	80 93 c4 00 	sts	0x00C4, r24
    
    // Enable receiver and transmitter
    UCSR0B = (1 << RXEN0)|(1 << TXEN0);
 108:	88 e1       	ldi	r24, 0x18	; 24
 10a:	80 93 c1 00 	sts	0x00C1, r24

    // Set frame format: 8data, 1stop bit
    UCSR0C = (3 << UCSZ00);
 10e:	86 e0       	ldi	r24, 0x06	; 6
 110:	80 93 c2 00 	sts	0x00C2, r24
    
    // Initialize the usart
    usart_init (BAUD_PRESCALLER);
    
    // Capture the result of the execution
    myvalue = (unsigned int)asm_function();
 114:	0e 94 53 00 	call	0xa6	; 0xa6 <asm_function>

    // Print the result of the function
    printf("Result (unsigned integer): %d\n", myvalue);
 118:	9f 93       	push	r25
 11a:	8f 93       	push	r24
 11c:	8e e0       	ldi	r24, 0x0E	; 14
 11e:	91 e0       	ldi	r25, 0x01	; 1
 120:	9f 93       	push	r25
 122:	8f 93       	push	r24
 124:	0e 94 99 00 	call	0x132	; 0x132 <printf>
 128:	0f 90       	pop	r0
 12a:	0f 90       	pop	r0
 12c:	0f 90       	pop	r0
 12e:	0f 90       	pop	r0
 130:	ff cf       	rjmp	.-2      	; 0x130 <main+0x3e>

00000132 <printf>:
 132:	a0 e0       	ldi	r26, 0x00	; 0
 134:	b0 e0       	ldi	r27, 0x00	; 0
 136:	ef e9       	ldi	r30, 0x9F	; 159
 138:	f0 e0       	ldi	r31, 0x00	; 0
 13a:	0c 94 35 03 	jmp	0x66a	; 0x66a <__prologue_saves__+0x20>
 13e:	fe 01       	movw	r30, r28
 140:	35 96       	adiw	r30, 0x05	; 5
 142:	61 91       	ld	r22, Z+
 144:	71 91       	ld	r23, Z+
 146:	af 01       	movw	r20, r30
 148:	80 91 4a 01 	lds	r24, 0x014A
 14c:	90 91 4b 01 	lds	r25, 0x014B
 150:	0e 94 ad 00 	call	0x15a	; 0x15a <vfprintf>
 154:	e2 e0       	ldi	r30, 0x02	; 2
 156:	0c 94 51 03 	jmp	0x6a2	; 0x6a2 <__epilogue_restores__+0x20>

0000015a <vfprintf>:
 15a:	ac e0       	ldi	r26, 0x0C	; 12
 15c:	b0 e0       	ldi	r27, 0x00	; 0
 15e:	e3 eb       	ldi	r30, 0xB3	; 179
 160:	f0 e0       	ldi	r31, 0x00	; 0
 162:	0c 94 25 03 	jmp	0x64a	; 0x64a <__prologue_saves__>
 166:	7c 01       	movw	r14, r24
 168:	6b 01       	movw	r12, r22
 16a:	8a 01       	movw	r16, r20
 16c:	fc 01       	movw	r30, r24
 16e:	17 82       	std	Z+7, r1	; 0x07
 170:	16 82       	std	Z+6, r1	; 0x06
 172:	83 81       	ldd	r24, Z+3	; 0x03
 174:	81 ff       	sbrs	r24, 1
 176:	bd c1       	rjmp	.+890    	; 0x4f2 <vfprintf+0x398>
 178:	ce 01       	movw	r24, r28
 17a:	01 96       	adiw	r24, 0x01	; 1
 17c:	4c 01       	movw	r8, r24
 17e:	f7 01       	movw	r30, r14
 180:	93 81       	ldd	r25, Z+3	; 0x03
 182:	f6 01       	movw	r30, r12
 184:	93 fd       	sbrc	r25, 3
 186:	85 91       	lpm	r24, Z+
 188:	93 ff       	sbrs	r25, 3
 18a:	81 91       	ld	r24, Z+
 18c:	6f 01       	movw	r12, r30
 18e:	88 23       	and	r24, r24
 190:	09 f4       	brne	.+2      	; 0x194 <vfprintf+0x3a>
 192:	ab c1       	rjmp	.+854    	; 0x4ea <vfprintf+0x390>
 194:	85 32       	cpi	r24, 0x25	; 37
 196:	39 f4       	brne	.+14     	; 0x1a6 <vfprintf+0x4c>
 198:	93 fd       	sbrc	r25, 3
 19a:	85 91       	lpm	r24, Z+
 19c:	93 ff       	sbrs	r25, 3
 19e:	81 91       	ld	r24, Z+
 1a0:	6f 01       	movw	r12, r30
 1a2:	85 32       	cpi	r24, 0x25	; 37
 1a4:	29 f4       	brne	.+10     	; 0x1b0 <vfprintf+0x56>
 1a6:	b7 01       	movw	r22, r14
 1a8:	90 e0       	ldi	r25, 0x00	; 0
 1aa:	0e 94 95 02 	call	0x52a	; 0x52a <fputc>
 1ae:	e7 cf       	rjmp	.-50     	; 0x17e <vfprintf+0x24>
 1b0:	51 2c       	mov	r5, r1
 1b2:	31 2c       	mov	r3, r1
 1b4:	20 e0       	ldi	r18, 0x00	; 0
 1b6:	20 32       	cpi	r18, 0x20	; 32
 1b8:	a0 f4       	brcc	.+40     	; 0x1e2 <vfprintf+0x88>
 1ba:	8b 32       	cpi	r24, 0x2B	; 43
 1bc:	69 f0       	breq	.+26     	; 0x1d8 <vfprintf+0x7e>
 1be:	30 f4       	brcc	.+12     	; 0x1cc <vfprintf+0x72>
 1c0:	80 32       	cpi	r24, 0x20	; 32
 1c2:	59 f0       	breq	.+22     	; 0x1da <vfprintf+0x80>
 1c4:	83 32       	cpi	r24, 0x23	; 35
 1c6:	69 f4       	brne	.+26     	; 0x1e2 <vfprintf+0x88>
 1c8:	20 61       	ori	r18, 0x10	; 16
 1ca:	2c c0       	rjmp	.+88     	; 0x224 <vfprintf+0xca>
 1cc:	8d 32       	cpi	r24, 0x2D	; 45
 1ce:	39 f0       	breq	.+14     	; 0x1de <vfprintf+0x84>
 1d0:	80 33       	cpi	r24, 0x30	; 48
 1d2:	39 f4       	brne	.+14     	; 0x1e2 <vfprintf+0x88>
 1d4:	21 60       	ori	r18, 0x01	; 1
 1d6:	26 c0       	rjmp	.+76     	; 0x224 <vfprintf+0xca>
 1d8:	22 60       	ori	r18, 0x02	; 2
 1da:	24 60       	ori	r18, 0x04	; 4
 1dc:	23 c0       	rjmp	.+70     	; 0x224 <vfprintf+0xca>
 1de:	28 60       	ori	r18, 0x08	; 8
 1e0:	21 c0       	rjmp	.+66     	; 0x224 <vfprintf+0xca>
 1e2:	27 fd       	sbrc	r18, 7
 1e4:	27 c0       	rjmp	.+78     	; 0x234 <vfprintf+0xda>
 1e6:	30 ed       	ldi	r19, 0xD0	; 208
 1e8:	38 0f       	add	r19, r24
 1ea:	3a 30       	cpi	r19, 0x0A	; 10
 1ec:	78 f4       	brcc	.+30     	; 0x20c <vfprintf+0xb2>
 1ee:	26 ff       	sbrs	r18, 6
 1f0:	06 c0       	rjmp	.+12     	; 0x1fe <vfprintf+0xa4>
 1f2:	fa e0       	ldi	r31, 0x0A	; 10
 1f4:	5f 9e       	mul	r5, r31
 1f6:	30 0d       	add	r19, r0
 1f8:	11 24       	eor	r1, r1
 1fa:	53 2e       	mov	r5, r19
 1fc:	13 c0       	rjmp	.+38     	; 0x224 <vfprintf+0xca>
 1fe:	8a e0       	ldi	r24, 0x0A	; 10
 200:	38 9e       	mul	r3, r24
 202:	30 0d       	add	r19, r0
 204:	11 24       	eor	r1, r1
 206:	33 2e       	mov	r3, r19
 208:	20 62       	ori	r18, 0x20	; 32
 20a:	0c c0       	rjmp	.+24     	; 0x224 <vfprintf+0xca>
 20c:	8e 32       	cpi	r24, 0x2E	; 46
 20e:	21 f4       	brne	.+8      	; 0x218 <vfprintf+0xbe>
 210:	26 fd       	sbrc	r18, 6
 212:	6b c1       	rjmp	.+726    	; 0x4ea <vfprintf+0x390>
 214:	20 64       	ori	r18, 0x40	; 64
 216:	06 c0       	rjmp	.+12     	; 0x224 <vfprintf+0xca>
 218:	8c 36       	cpi	r24, 0x6C	; 108
 21a:	11 f4       	brne	.+4      	; 0x220 <vfprintf+0xc6>
 21c:	20 68       	ori	r18, 0x80	; 128
 21e:	02 c0       	rjmp	.+4      	; 0x224 <vfprintf+0xca>
 220:	88 36       	cpi	r24, 0x68	; 104
 222:	41 f4       	brne	.+16     	; 0x234 <vfprintf+0xda>
 224:	f6 01       	movw	r30, r12
 226:	93 fd       	sbrc	r25, 3
 228:	85 91       	lpm	r24, Z+
 22a:	93 ff       	sbrs	r25, 3
 22c:	81 91       	ld	r24, Z+
 22e:	6f 01       	movw	r12, r30
 230:	81 11       	cpse	r24, r1
 232:	c1 cf       	rjmp	.-126    	; 0x1b6 <vfprintf+0x5c>
 234:	98 2f       	mov	r25, r24
 236:	9f 7d       	andi	r25, 0xDF	; 223
 238:	95 54       	subi	r25, 0x45	; 69
 23a:	93 30       	cpi	r25, 0x03	; 3
 23c:	28 f4       	brcc	.+10     	; 0x248 <vfprintf+0xee>
 23e:	0c 5f       	subi	r16, 0xFC	; 252
 240:	1f 4f       	sbci	r17, 0xFF	; 255
 242:	ff e3       	ldi	r31, 0x3F	; 63
 244:	f9 83       	std	Y+1, r31	; 0x01
 246:	0d c0       	rjmp	.+26     	; 0x262 <vfprintf+0x108>
 248:	83 36       	cpi	r24, 0x63	; 99
 24a:	31 f0       	breq	.+12     	; 0x258 <vfprintf+0xfe>
 24c:	83 37       	cpi	r24, 0x73	; 115
 24e:	71 f0       	breq	.+28     	; 0x26c <vfprintf+0x112>
 250:	83 35       	cpi	r24, 0x53	; 83
 252:	09 f0       	breq	.+2      	; 0x256 <vfprintf+0xfc>
 254:	5b c0       	rjmp	.+182    	; 0x30c <vfprintf+0x1b2>
 256:	22 c0       	rjmp	.+68     	; 0x29c <vfprintf+0x142>
 258:	f8 01       	movw	r30, r16
 25a:	80 81       	ld	r24, Z
 25c:	89 83       	std	Y+1, r24	; 0x01
 25e:	0e 5f       	subi	r16, 0xFE	; 254
 260:	1f 4f       	sbci	r17, 0xFF	; 255
 262:	44 24       	eor	r4, r4
 264:	43 94       	inc	r4
 266:	51 2c       	mov	r5, r1
 268:	54 01       	movw	r10, r8
 26a:	15 c0       	rjmp	.+42     	; 0x296 <vfprintf+0x13c>
 26c:	38 01       	movw	r6, r16
 26e:	f2 e0       	ldi	r31, 0x02	; 2
 270:	6f 0e       	add	r6, r31
 272:	71 1c       	adc	r7, r1
 274:	f8 01       	movw	r30, r16
 276:	a0 80       	ld	r10, Z
 278:	b1 80       	ldd	r11, Z+1	; 0x01
 27a:	26 ff       	sbrs	r18, 6
 27c:	03 c0       	rjmp	.+6      	; 0x284 <vfprintf+0x12a>
 27e:	65 2d       	mov	r22, r5
 280:	70 e0       	ldi	r23, 0x00	; 0
 282:	02 c0       	rjmp	.+4      	; 0x288 <vfprintf+0x12e>
 284:	6f ef       	ldi	r22, 0xFF	; 255
 286:	7f ef       	ldi	r23, 0xFF	; 255
 288:	c5 01       	movw	r24, r10
 28a:	2c 87       	std	Y+12, r18	; 0x0c
 28c:	0e 94 8a 02 	call	0x514	; 0x514 <strnlen>
 290:	2c 01       	movw	r4, r24
 292:	83 01       	movw	r16, r6
 294:	2c 85       	ldd	r18, Y+12	; 0x0c
 296:	2f 77       	andi	r18, 0x7F	; 127
 298:	22 2e       	mov	r2, r18
 29a:	17 c0       	rjmp	.+46     	; 0x2ca <vfprintf+0x170>
 29c:	38 01       	movw	r6, r16
 29e:	f2 e0       	ldi	r31, 0x02	; 2
 2a0:	6f 0e       	add	r6, r31
 2a2:	71 1c       	adc	r7, r1
 2a4:	f8 01       	movw	r30, r16
 2a6:	a0 80       	ld	r10, Z
 2a8:	b1 80       	ldd	r11, Z+1	; 0x01
 2aa:	26 ff       	sbrs	r18, 6
 2ac:	03 c0       	rjmp	.+6      	; 0x2b4 <vfprintf+0x15a>
 2ae:	65 2d       	mov	r22, r5
 2b0:	70 e0       	ldi	r23, 0x00	; 0
 2b2:	02 c0       	rjmp	.+4      	; 0x2b8 <vfprintf+0x15e>
 2b4:	6f ef       	ldi	r22, 0xFF	; 255
 2b6:	7f ef       	ldi	r23, 0xFF	; 255
 2b8:	c5 01       	movw	r24, r10
 2ba:	2c 87       	std	Y+12, r18	; 0x0c
 2bc:	0e 94 7f 02 	call	0x4fe	; 0x4fe <strnlen_P>
 2c0:	2c 01       	movw	r4, r24
 2c2:	2c 85       	ldd	r18, Y+12	; 0x0c
 2c4:	20 68       	ori	r18, 0x80	; 128
 2c6:	22 2e       	mov	r2, r18
 2c8:	83 01       	movw	r16, r6
 2ca:	23 fc       	sbrc	r2, 3
 2cc:	1b c0       	rjmp	.+54     	; 0x304 <vfprintf+0x1aa>
 2ce:	83 2d       	mov	r24, r3
 2d0:	90 e0       	ldi	r25, 0x00	; 0
 2d2:	48 16       	cp	r4, r24
 2d4:	59 06       	cpc	r5, r25
 2d6:	b0 f4       	brcc	.+44     	; 0x304 <vfprintf+0x1aa>
 2d8:	b7 01       	movw	r22, r14
 2da:	80 e2       	ldi	r24, 0x20	; 32
 2dc:	90 e0       	ldi	r25, 0x00	; 0
 2de:	0e 94 95 02 	call	0x52a	; 0x52a <fputc>
 2e2:	3a 94       	dec	r3
 2e4:	f4 cf       	rjmp	.-24     	; 0x2ce <vfprintf+0x174>
 2e6:	f5 01       	movw	r30, r10
 2e8:	27 fc       	sbrc	r2, 7
 2ea:	85 91       	lpm	r24, Z+
 2ec:	27 fe       	sbrs	r2, 7
 2ee:	81 91       	ld	r24, Z+
 2f0:	5f 01       	movw	r10, r30
 2f2:	b7 01       	movw	r22, r14
 2f4:	90 e0       	ldi	r25, 0x00	; 0
 2f6:	0e 94 95 02 	call	0x52a	; 0x52a <fputc>
 2fa:	31 10       	cpse	r3, r1
 2fc:	3a 94       	dec	r3
 2fe:	f1 e0       	ldi	r31, 0x01	; 1
 300:	4f 1a       	sub	r4, r31
 302:	51 08       	sbc	r5, r1
 304:	41 14       	cp	r4, r1
 306:	51 04       	cpc	r5, r1
 308:	71 f7       	brne	.-36     	; 0x2e6 <vfprintf+0x18c>
 30a:	e5 c0       	rjmp	.+458    	; 0x4d6 <vfprintf+0x37c>
 30c:	84 36       	cpi	r24, 0x64	; 100
 30e:	11 f0       	breq	.+4      	; 0x314 <vfprintf+0x1ba>
 310:	89 36       	cpi	r24, 0x69	; 105
 312:	39 f5       	brne	.+78     	; 0x362 <vfprintf+0x208>
 314:	f8 01       	movw	r30, r16
 316:	27 ff       	sbrs	r18, 7
 318:	07 c0       	rjmp	.+14     	; 0x328 <vfprintf+0x1ce>
 31a:	60 81       	ld	r22, Z
 31c:	71 81       	ldd	r23, Z+1	; 0x01
 31e:	82 81       	ldd	r24, Z+2	; 0x02
 320:	93 81       	ldd	r25, Z+3	; 0x03
 322:	0c 5f       	subi	r16, 0xFC	; 252
 324:	1f 4f       	sbci	r17, 0xFF	; 255
 326:	08 c0       	rjmp	.+16     	; 0x338 <vfprintf+0x1de>
 328:	60 81       	ld	r22, Z
 32a:	71 81       	ldd	r23, Z+1	; 0x01
 32c:	88 27       	eor	r24, r24
 32e:	77 fd       	sbrc	r23, 7
 330:	80 95       	com	r24
 332:	98 2f       	mov	r25, r24
 334:	0e 5f       	subi	r16, 0xFE	; 254
 336:	1f 4f       	sbci	r17, 0xFF	; 255
 338:	2f 76       	andi	r18, 0x6F	; 111
 33a:	b2 2e       	mov	r11, r18
 33c:	97 ff       	sbrs	r25, 7
 33e:	09 c0       	rjmp	.+18     	; 0x352 <vfprintf+0x1f8>
 340:	90 95       	com	r25
 342:	80 95       	com	r24
 344:	70 95       	com	r23
 346:	61 95       	neg	r22
 348:	7f 4f       	sbci	r23, 0xFF	; 255
 34a:	8f 4f       	sbci	r24, 0xFF	; 255
 34c:	9f 4f       	sbci	r25, 0xFF	; 255
 34e:	20 68       	ori	r18, 0x80	; 128
 350:	b2 2e       	mov	r11, r18
 352:	2a e0       	ldi	r18, 0x0A	; 10
 354:	30 e0       	ldi	r19, 0x00	; 0
 356:	a4 01       	movw	r20, r8
 358:	0e 94 c7 02 	call	0x58e	; 0x58e <__ultoa_invert>
 35c:	a8 2e       	mov	r10, r24
 35e:	a8 18       	sub	r10, r8
 360:	44 c0       	rjmp	.+136    	; 0x3ea <vfprintf+0x290>
 362:	85 37       	cpi	r24, 0x75	; 117
 364:	29 f4       	brne	.+10     	; 0x370 <vfprintf+0x216>
 366:	2f 7e       	andi	r18, 0xEF	; 239
 368:	b2 2e       	mov	r11, r18
 36a:	2a e0       	ldi	r18, 0x0A	; 10
 36c:	30 e0       	ldi	r19, 0x00	; 0
 36e:	25 c0       	rjmp	.+74     	; 0x3ba <vfprintf+0x260>
 370:	f2 2f       	mov	r31, r18
 372:	f9 7f       	andi	r31, 0xF9	; 249
 374:	bf 2e       	mov	r11, r31
 376:	8f 36       	cpi	r24, 0x6F	; 111
 378:	c1 f0       	breq	.+48     	; 0x3aa <vfprintf+0x250>
 37a:	18 f4       	brcc	.+6      	; 0x382 <vfprintf+0x228>
 37c:	88 35       	cpi	r24, 0x58	; 88
 37e:	79 f0       	breq	.+30     	; 0x39e <vfprintf+0x244>
 380:	b4 c0       	rjmp	.+360    	; 0x4ea <vfprintf+0x390>
 382:	80 37       	cpi	r24, 0x70	; 112
 384:	19 f0       	breq	.+6      	; 0x38c <vfprintf+0x232>
 386:	88 37       	cpi	r24, 0x78	; 120
 388:	21 f0       	breq	.+8      	; 0x392 <vfprintf+0x238>
 38a:	af c0       	rjmp	.+350    	; 0x4ea <vfprintf+0x390>
 38c:	2f 2f       	mov	r18, r31
 38e:	20 61       	ori	r18, 0x10	; 16
 390:	b2 2e       	mov	r11, r18
 392:	b4 fe       	sbrs	r11, 4
 394:	0d c0       	rjmp	.+26     	; 0x3b0 <vfprintf+0x256>
 396:	8b 2d       	mov	r24, r11
 398:	84 60       	ori	r24, 0x04	; 4
 39a:	b8 2e       	mov	r11, r24
 39c:	09 c0       	rjmp	.+18     	; 0x3b0 <vfprintf+0x256>
 39e:	24 ff       	sbrs	r18, 4
 3a0:	0a c0       	rjmp	.+20     	; 0x3b6 <vfprintf+0x25c>
 3a2:	9f 2f       	mov	r25, r31
 3a4:	96 60       	ori	r25, 0x06	; 6
 3a6:	b9 2e       	mov	r11, r25
 3a8:	06 c0       	rjmp	.+12     	; 0x3b6 <vfprintf+0x25c>
 3aa:	28 e0       	ldi	r18, 0x08	; 8
 3ac:	30 e0       	ldi	r19, 0x00	; 0
 3ae:	05 c0       	rjmp	.+10     	; 0x3ba <vfprintf+0x260>
 3b0:	20 e1       	ldi	r18, 0x10	; 16
 3b2:	30 e0       	ldi	r19, 0x00	; 0
 3b4:	02 c0       	rjmp	.+4      	; 0x3ba <vfprintf+0x260>
 3b6:	20 e1       	ldi	r18, 0x10	; 16
 3b8:	32 e0       	ldi	r19, 0x02	; 2
 3ba:	f8 01       	movw	r30, r16
 3bc:	b7 fe       	sbrs	r11, 7
 3be:	07 c0       	rjmp	.+14     	; 0x3ce <vfprintf+0x274>
 3c0:	60 81       	ld	r22, Z
 3c2:	71 81       	ldd	r23, Z+1	; 0x01
 3c4:	82 81       	ldd	r24, Z+2	; 0x02
 3c6:	93 81       	ldd	r25, Z+3	; 0x03
 3c8:	0c 5f       	subi	r16, 0xFC	; 252
 3ca:	1f 4f       	sbci	r17, 0xFF	; 255
 3cc:	06 c0       	rjmp	.+12     	; 0x3da <vfprintf+0x280>
 3ce:	60 81       	ld	r22, Z
 3d0:	71 81       	ldd	r23, Z+1	; 0x01
 3d2:	80 e0       	ldi	r24, 0x00	; 0
 3d4:	90 e0       	ldi	r25, 0x00	; 0
 3d6:	0e 5f       	subi	r16, 0xFE	; 254
 3d8:	1f 4f       	sbci	r17, 0xFF	; 255
 3da:	a4 01       	movw	r20, r8
 3dc:	0e 94 c7 02 	call	0x58e	; 0x58e <__ultoa_invert>
 3e0:	a8 2e       	mov	r10, r24
 3e2:	a8 18       	sub	r10, r8
 3e4:	fb 2d       	mov	r31, r11
 3e6:	ff 77       	andi	r31, 0x7F	; 127
 3e8:	bf 2e       	mov	r11, r31
 3ea:	b6 fe       	sbrs	r11, 6
 3ec:	0b c0       	rjmp	.+22     	; 0x404 <vfprintf+0x2aa>
 3ee:	2b 2d       	mov	r18, r11
 3f0:	2e 7f       	andi	r18, 0xFE	; 254
 3f2:	a5 14       	cp	r10, r5
 3f4:	50 f4       	brcc	.+20     	; 0x40a <vfprintf+0x2b0>
 3f6:	b4 fe       	sbrs	r11, 4
 3f8:	0a c0       	rjmp	.+20     	; 0x40e <vfprintf+0x2b4>
 3fa:	b2 fc       	sbrc	r11, 2
 3fc:	08 c0       	rjmp	.+16     	; 0x40e <vfprintf+0x2b4>
 3fe:	2b 2d       	mov	r18, r11
 400:	2e 7e       	andi	r18, 0xEE	; 238
 402:	05 c0       	rjmp	.+10     	; 0x40e <vfprintf+0x2b4>
 404:	7a 2c       	mov	r7, r10
 406:	2b 2d       	mov	r18, r11
 408:	03 c0       	rjmp	.+6      	; 0x410 <vfprintf+0x2b6>
 40a:	7a 2c       	mov	r7, r10
 40c:	01 c0       	rjmp	.+2      	; 0x410 <vfprintf+0x2b6>
 40e:	75 2c       	mov	r7, r5
 410:	24 ff       	sbrs	r18, 4
 412:	0d c0       	rjmp	.+26     	; 0x42e <vfprintf+0x2d4>
 414:	fe 01       	movw	r30, r28
 416:	ea 0d       	add	r30, r10
 418:	f1 1d       	adc	r31, r1
 41a:	80 81       	ld	r24, Z
 41c:	80 33       	cpi	r24, 0x30	; 48
 41e:	11 f4       	brne	.+4      	; 0x424 <vfprintf+0x2ca>
 420:	29 7e       	andi	r18, 0xE9	; 233
 422:	09 c0       	rjmp	.+18     	; 0x436 <vfprintf+0x2dc>
 424:	22 ff       	sbrs	r18, 2
 426:	06 c0       	rjmp	.+12     	; 0x434 <vfprintf+0x2da>
 428:	73 94       	inc	r7
 42a:	73 94       	inc	r7
 42c:	04 c0       	rjmp	.+8      	; 0x436 <vfprintf+0x2dc>
 42e:	82 2f       	mov	r24, r18
 430:	86 78       	andi	r24, 0x86	; 134
 432:	09 f0       	breq	.+2      	; 0x436 <vfprintf+0x2dc>
 434:	73 94       	inc	r7
 436:	23 fd       	sbrc	r18, 3
 438:	13 c0       	rjmp	.+38     	; 0x460 <vfprintf+0x306>
 43a:	20 ff       	sbrs	r18, 0
 43c:	06 c0       	rjmp	.+12     	; 0x44a <vfprintf+0x2f0>
 43e:	5a 2c       	mov	r5, r10
 440:	73 14       	cp	r7, r3
 442:	18 f4       	brcc	.+6      	; 0x44a <vfprintf+0x2f0>
 444:	53 0c       	add	r5, r3
 446:	57 18       	sub	r5, r7
 448:	73 2c       	mov	r7, r3
 44a:	73 14       	cp	r7, r3
 44c:	68 f4       	brcc	.+26     	; 0x468 <vfprintf+0x30e>
 44e:	b7 01       	movw	r22, r14
 450:	80 e2       	ldi	r24, 0x20	; 32
 452:	90 e0       	ldi	r25, 0x00	; 0
 454:	2c 87       	std	Y+12, r18	; 0x0c
 456:	0e 94 95 02 	call	0x52a	; 0x52a <fputc>
 45a:	73 94       	inc	r7
 45c:	2c 85       	ldd	r18, Y+12	; 0x0c
 45e:	f5 cf       	rjmp	.-22     	; 0x44a <vfprintf+0x2f0>
 460:	73 14       	cp	r7, r3
 462:	10 f4       	brcc	.+4      	; 0x468 <vfprintf+0x30e>
 464:	37 18       	sub	r3, r7
 466:	01 c0       	rjmp	.+2      	; 0x46a <vfprintf+0x310>
 468:	31 2c       	mov	r3, r1
 46a:	24 ff       	sbrs	r18, 4
 46c:	12 c0       	rjmp	.+36     	; 0x492 <vfprintf+0x338>
 46e:	b7 01       	movw	r22, r14
 470:	80 e3       	ldi	r24, 0x30	; 48
 472:	90 e0       	ldi	r25, 0x00	; 0
 474:	2c 87       	std	Y+12, r18	; 0x0c
 476:	0e 94 95 02 	call	0x52a	; 0x52a <fputc>
 47a:	2c 85       	ldd	r18, Y+12	; 0x0c
 47c:	22 ff       	sbrs	r18, 2
 47e:	17 c0       	rjmp	.+46     	; 0x4ae <vfprintf+0x354>
 480:	21 ff       	sbrs	r18, 1
 482:	03 c0       	rjmp	.+6      	; 0x48a <vfprintf+0x330>
 484:	88 e5       	ldi	r24, 0x58	; 88
 486:	90 e0       	ldi	r25, 0x00	; 0
 488:	02 c0       	rjmp	.+4      	; 0x48e <vfprintf+0x334>
 48a:	88 e7       	ldi	r24, 0x78	; 120
 48c:	90 e0       	ldi	r25, 0x00	; 0
 48e:	b7 01       	movw	r22, r14
 490:	0c c0       	rjmp	.+24     	; 0x4aa <vfprintf+0x350>
 492:	82 2f       	mov	r24, r18
 494:	86 78       	andi	r24, 0x86	; 134
 496:	59 f0       	breq	.+22     	; 0x4ae <vfprintf+0x354>
 498:	21 fd       	sbrc	r18, 1
 49a:	02 c0       	rjmp	.+4      	; 0x4a0 <vfprintf+0x346>
 49c:	80 e2       	ldi	r24, 0x20	; 32
 49e:	01 c0       	rjmp	.+2      	; 0x4a2 <vfprintf+0x348>
 4a0:	8b e2       	ldi	r24, 0x2B	; 43
 4a2:	27 fd       	sbrc	r18, 7
 4a4:	8d e2       	ldi	r24, 0x2D	; 45
 4a6:	b7 01       	movw	r22, r14
 4a8:	90 e0       	ldi	r25, 0x00	; 0
 4aa:	0e 94 95 02 	call	0x52a	; 0x52a <fputc>
 4ae:	a5 14       	cp	r10, r5
 4b0:	38 f4       	brcc	.+14     	; 0x4c0 <vfprintf+0x366>
 4b2:	b7 01       	movw	r22, r14
 4b4:	80 e3       	ldi	r24, 0x30	; 48
 4b6:	90 e0       	ldi	r25, 0x00	; 0
 4b8:	0e 94 95 02 	call	0x52a	; 0x52a <fputc>
 4bc:	5a 94       	dec	r5
 4be:	f7 cf       	rjmp	.-18     	; 0x4ae <vfprintf+0x354>
 4c0:	aa 94       	dec	r10
 4c2:	f4 01       	movw	r30, r8
 4c4:	ea 0d       	add	r30, r10
 4c6:	f1 1d       	adc	r31, r1
 4c8:	80 81       	ld	r24, Z
 4ca:	b7 01       	movw	r22, r14
 4cc:	90 e0       	ldi	r25, 0x00	; 0
 4ce:	0e 94 95 02 	call	0x52a	; 0x52a <fputc>
 4d2:	a1 10       	cpse	r10, r1
 4d4:	f5 cf       	rjmp	.-22     	; 0x4c0 <vfprintf+0x366>
 4d6:	33 20       	and	r3, r3
 4d8:	09 f4       	brne	.+2      	; 0x4dc <vfprintf+0x382>
 4da:	51 ce       	rjmp	.-862    	; 0x17e <vfprintf+0x24>
 4dc:	b7 01       	movw	r22, r14
 4de:	80 e2       	ldi	r24, 0x20	; 32
 4e0:	90 e0       	ldi	r25, 0x00	; 0
 4e2:	0e 94 95 02 	call	0x52a	; 0x52a <fputc>
 4e6:	3a 94       	dec	r3
 4e8:	f6 cf       	rjmp	.-20     	; 0x4d6 <vfprintf+0x37c>
 4ea:	f7 01       	movw	r30, r14
 4ec:	86 81       	ldd	r24, Z+6	; 0x06
 4ee:	97 81       	ldd	r25, Z+7	; 0x07
 4f0:	02 c0       	rjmp	.+4      	; 0x4f6 <vfprintf+0x39c>
 4f2:	8f ef       	ldi	r24, 0xFF	; 255
 4f4:	9f ef       	ldi	r25, 0xFF	; 255
 4f6:	2c 96       	adiw	r28, 0x0c	; 12
 4f8:	e2 e1       	ldi	r30, 0x12	; 18
 4fa:	0c 94 41 03 	jmp	0x682	; 0x682 <__epilogue_restores__>

000004fe <strnlen_P>:
 4fe:	fc 01       	movw	r30, r24
 500:	05 90       	lpm	r0, Z+
 502:	61 50       	subi	r22, 0x01	; 1
 504:	70 40       	sbci	r23, 0x00	; 0
 506:	01 10       	cpse	r0, r1
 508:	d8 f7       	brcc	.-10     	; 0x500 <strnlen_P+0x2>
 50a:	80 95       	com	r24
 50c:	90 95       	com	r25
 50e:	8e 0f       	add	r24, r30
 510:	9f 1f       	adc	r25, r31
 512:	08 95       	ret

00000514 <strnlen>:
 514:	fc 01       	movw	r30, r24
 516:	61 50       	subi	r22, 0x01	; 1
 518:	70 40       	sbci	r23, 0x00	; 0
 51a:	01 90       	ld	r0, Z+
 51c:	01 10       	cpse	r0, r1
 51e:	d8 f7       	brcc	.-10     	; 0x516 <strnlen+0x2>
 520:	80 95       	com	r24
 522:	90 95       	com	r25
 524:	8e 0f       	add	r24, r30
 526:	9f 1f       	adc	r25, r31
 528:	08 95       	ret

0000052a <fputc>:
 52a:	0f 93       	push	r16
 52c:	1f 93       	push	r17
 52e:	cf 93       	push	r28
 530:	df 93       	push	r29
 532:	18 2f       	mov	r17, r24
 534:	09 2f       	mov	r16, r25
 536:	eb 01       	movw	r28, r22
 538:	8b 81       	ldd	r24, Y+3	; 0x03
 53a:	81 fd       	sbrc	r24, 1
 53c:	03 c0       	rjmp	.+6      	; 0x544 <fputc+0x1a>
 53e:	8f ef       	ldi	r24, 0xFF	; 255
 540:	9f ef       	ldi	r25, 0xFF	; 255
 542:	20 c0       	rjmp	.+64     	; 0x584 <fputc+0x5a>
 544:	82 ff       	sbrs	r24, 2
 546:	10 c0       	rjmp	.+32     	; 0x568 <fputc+0x3e>
 548:	4e 81       	ldd	r20, Y+6	; 0x06
 54a:	5f 81       	ldd	r21, Y+7	; 0x07
 54c:	2c 81       	ldd	r18, Y+4	; 0x04
 54e:	3d 81       	ldd	r19, Y+5	; 0x05
 550:	42 17       	cp	r20, r18
 552:	53 07       	cpc	r21, r19
 554:	7c f4       	brge	.+30     	; 0x574 <fputc+0x4a>
 556:	e8 81       	ld	r30, Y
 558:	f9 81       	ldd	r31, Y+1	; 0x01
 55a:	9f 01       	movw	r18, r30
 55c:	2f 5f       	subi	r18, 0xFF	; 255
 55e:	3f 4f       	sbci	r19, 0xFF	; 255
 560:	39 83       	std	Y+1, r19	; 0x01
 562:	28 83       	st	Y, r18
 564:	10 83       	st	Z, r17
 566:	06 c0       	rjmp	.+12     	; 0x574 <fputc+0x4a>
 568:	e8 85       	ldd	r30, Y+8	; 0x08
 56a:	f9 85       	ldd	r31, Y+9	; 0x09
 56c:	81 2f       	mov	r24, r17
 56e:	09 95       	icall
 570:	89 2b       	or	r24, r25
 572:	29 f7       	brne	.-54     	; 0x53e <fputc+0x14>
 574:	2e 81       	ldd	r18, Y+6	; 0x06
 576:	3f 81       	ldd	r19, Y+7	; 0x07
 578:	2f 5f       	subi	r18, 0xFF	; 255
 57a:	3f 4f       	sbci	r19, 0xFF	; 255
 57c:	3f 83       	std	Y+7, r19	; 0x07
 57e:	2e 83       	std	Y+6, r18	; 0x06
 580:	81 2f       	mov	r24, r17
 582:	90 2f       	mov	r25, r16
 584:	df 91       	pop	r29
 586:	cf 91       	pop	r28
 588:	1f 91       	pop	r17
 58a:	0f 91       	pop	r16
 58c:	08 95       	ret

0000058e <__ultoa_invert>:
 58e:	fa 01       	movw	r30, r20
 590:	aa 27       	eor	r26, r26
 592:	28 30       	cpi	r18, 0x08	; 8
 594:	51 f1       	breq	.+84     	; 0x5ea <__ultoa_invert+0x5c>
 596:	20 31       	cpi	r18, 0x10	; 16
 598:	81 f1       	breq	.+96     	; 0x5fa <__ultoa_invert+0x6c>
 59a:	e8 94       	clt
 59c:	6f 93       	push	r22
 59e:	6e 7f       	andi	r22, 0xFE	; 254
 5a0:	6e 5f       	subi	r22, 0xFE	; 254
 5a2:	7f 4f       	sbci	r23, 0xFF	; 255
 5a4:	8f 4f       	sbci	r24, 0xFF	; 255
 5a6:	9f 4f       	sbci	r25, 0xFF	; 255
 5a8:	af 4f       	sbci	r26, 0xFF	; 255
 5aa:	b1 e0       	ldi	r27, 0x01	; 1
 5ac:	3e d0       	rcall	.+124    	; 0x62a <__ultoa_invert+0x9c>
 5ae:	b4 e0       	ldi	r27, 0x04	; 4
 5b0:	3c d0       	rcall	.+120    	; 0x62a <__ultoa_invert+0x9c>
 5b2:	67 0f       	add	r22, r23
 5b4:	78 1f       	adc	r23, r24
 5b6:	89 1f       	adc	r24, r25
 5b8:	9a 1f       	adc	r25, r26
 5ba:	a1 1d       	adc	r26, r1
 5bc:	68 0f       	add	r22, r24
 5be:	79 1f       	adc	r23, r25
 5c0:	8a 1f       	adc	r24, r26
 5c2:	91 1d       	adc	r25, r1
 5c4:	a1 1d       	adc	r26, r1
 5c6:	6a 0f       	add	r22, r26
 5c8:	71 1d       	adc	r23, r1
 5ca:	81 1d       	adc	r24, r1
 5cc:	91 1d       	adc	r25, r1
 5ce:	a1 1d       	adc	r26, r1
 5d0:	20 d0       	rcall	.+64     	; 0x612 <__ultoa_invert+0x84>
 5d2:	09 f4       	brne	.+2      	; 0x5d6 <__ultoa_invert+0x48>
 5d4:	68 94       	set
 5d6:	3f 91       	pop	r19
 5d8:	2a e0       	ldi	r18, 0x0A	; 10
 5da:	26 9f       	mul	r18, r22
 5dc:	11 24       	eor	r1, r1
 5de:	30 19       	sub	r19, r0
 5e0:	30 5d       	subi	r19, 0xD0	; 208
 5e2:	31 93       	st	Z+, r19
 5e4:	de f6       	brtc	.-74     	; 0x59c <__ultoa_invert+0xe>
 5e6:	cf 01       	movw	r24, r30
 5e8:	08 95       	ret
 5ea:	46 2f       	mov	r20, r22
 5ec:	47 70       	andi	r20, 0x07	; 7
 5ee:	40 5d       	subi	r20, 0xD0	; 208
 5f0:	41 93       	st	Z+, r20
 5f2:	b3 e0       	ldi	r27, 0x03	; 3
 5f4:	0f d0       	rcall	.+30     	; 0x614 <__ultoa_invert+0x86>
 5f6:	c9 f7       	brne	.-14     	; 0x5ea <__ultoa_invert+0x5c>
 5f8:	f6 cf       	rjmp	.-20     	; 0x5e6 <__ultoa_invert+0x58>
 5fa:	46 2f       	mov	r20, r22
 5fc:	4f 70       	andi	r20, 0x0F	; 15
 5fe:	40 5d       	subi	r20, 0xD0	; 208
 600:	4a 33       	cpi	r20, 0x3A	; 58
 602:	18 f0       	brcs	.+6      	; 0x60a <__ultoa_invert+0x7c>
 604:	49 5d       	subi	r20, 0xD9	; 217
 606:	31 fd       	sbrc	r19, 1
 608:	40 52       	subi	r20, 0x20	; 32
 60a:	41 93       	st	Z+, r20
 60c:	02 d0       	rcall	.+4      	; 0x612 <__ultoa_invert+0x84>
 60e:	a9 f7       	brne	.-22     	; 0x5fa <__ultoa_invert+0x6c>
 610:	ea cf       	rjmp	.-44     	; 0x5e6 <__ultoa_invert+0x58>
 612:	b4 e0       	ldi	r27, 0x04	; 4
 614:	a6 95       	lsr	r26
 616:	97 95       	ror	r25
 618:	87 95       	ror	r24
 61a:	77 95       	ror	r23
 61c:	67 95       	ror	r22
 61e:	ba 95       	dec	r27
 620:	c9 f7       	brne	.-14     	; 0x614 <__ultoa_invert+0x86>
 622:	00 97       	sbiw	r24, 0x00	; 0
 624:	61 05       	cpc	r22, r1
 626:	71 05       	cpc	r23, r1
 628:	08 95       	ret
 62a:	9b 01       	movw	r18, r22
 62c:	ac 01       	movw	r20, r24
 62e:	0a 2e       	mov	r0, r26
 630:	06 94       	lsr	r0
 632:	57 95       	ror	r21
 634:	47 95       	ror	r20
 636:	37 95       	ror	r19
 638:	27 95       	ror	r18
 63a:	ba 95       	dec	r27
 63c:	c9 f7       	brne	.-14     	; 0x630 <__ultoa_invert+0xa2>
 63e:	62 0f       	add	r22, r18
 640:	73 1f       	adc	r23, r19
 642:	84 1f       	adc	r24, r20
 644:	95 1f       	adc	r25, r21
 646:	a0 1d       	adc	r26, r0
 648:	08 95       	ret

0000064a <__prologue_saves__>:
 64a:	2f 92       	push	r2
 64c:	3f 92       	push	r3
 64e:	4f 92       	push	r4
 650:	5f 92       	push	r5
 652:	6f 92       	push	r6
 654:	7f 92       	push	r7
 656:	8f 92       	push	r8
 658:	9f 92       	push	r9
 65a:	af 92       	push	r10
 65c:	bf 92       	push	r11
 65e:	cf 92       	push	r12
 660:	df 92       	push	r13
 662:	ef 92       	push	r14
 664:	ff 92       	push	r15
 666:	0f 93       	push	r16
 668:	1f 93       	push	r17
 66a:	cf 93       	push	r28
 66c:	df 93       	push	r29
 66e:	cd b7       	in	r28, 0x3d	; 61
 670:	de b7       	in	r29, 0x3e	; 62
 672:	ca 1b       	sub	r28, r26
 674:	db 0b       	sbc	r29, r27
 676:	0f b6       	in	r0, 0x3f	; 63
 678:	f8 94       	cli
 67a:	de bf       	out	0x3e, r29	; 62
 67c:	0f be       	out	0x3f, r0	; 63
 67e:	cd bf       	out	0x3d, r28	; 61
 680:	09 94       	ijmp

00000682 <__epilogue_restores__>:
 682:	2a 88       	ldd	r2, Y+18	; 0x12
 684:	39 88       	ldd	r3, Y+17	; 0x11
 686:	48 88       	ldd	r4, Y+16	; 0x10
 688:	5f 84       	ldd	r5, Y+15	; 0x0f
 68a:	6e 84       	ldd	r6, Y+14	; 0x0e
 68c:	7d 84       	ldd	r7, Y+13	; 0x0d
 68e:	8c 84       	ldd	r8, Y+12	; 0x0c
 690:	9b 84       	ldd	r9, Y+11	; 0x0b
 692:	aa 84       	ldd	r10, Y+10	; 0x0a
 694:	b9 84       	ldd	r11, Y+9	; 0x09
 696:	c8 84       	ldd	r12, Y+8	; 0x08
 698:	df 80       	ldd	r13, Y+7	; 0x07
 69a:	ee 80       	ldd	r14, Y+6	; 0x06
 69c:	fd 80       	ldd	r15, Y+5	; 0x05
 69e:	0c 81       	ldd	r16, Y+4	; 0x04
 6a0:	1b 81       	ldd	r17, Y+3	; 0x03
 6a2:	aa 81       	ldd	r26, Y+2	; 0x02
 6a4:	b9 81       	ldd	r27, Y+1	; 0x01
 6a6:	ce 0f       	add	r28, r30
 6a8:	d1 1d       	adc	r29, r1
 6aa:	0f b6       	in	r0, 0x3f	; 63
 6ac:	f8 94       	cli
 6ae:	de bf       	out	0x3e, r29	; 62
 6b0:	0f be       	out	0x3f, r0	; 63
 6b2:	cd bf       	out	0x3d, r28	; 61
 6b4:	ed 01       	movw	r28, r26
 6b6:	08 95       	ret

000006b8 <_exit>:
 6b8:	f8 94       	cli

000006ba <__stop_program>:
 6ba:	ff cf       	rjmp	.-2      	; 0x6ba <__stop_program>
